android/app/build/intermediates/manifest_merge_blame_file/debug/manifest-merger-blame-debug-report.txt
1<?xml version="1.0" encoding="utf-8"?>
2<manifest xmlns:android="http://schemas.android.com/apk/res/android"
3    package="com.example.hypnosapp"
4    android:versionCode="1"
5    android:versionName="1.0" >
6
7    <uses-sdk
8        android:minSdkVersion="24"
9        android:targetSdkVersion="33" />
10
11    <uses-permission android:name="android.permission.INTERNET" />
11-->src\main\AndroidManifest.xml:79:5-67
11-->src\main\AndroidManifest.xml:79:22-64
12
13    <queries>
13-->[com.facebook.android:facebook-common:16.2.0] AndroidManifest.xml:17:5-19:15
14        <package android:name="com.facebook.katana" />
14-->[com.facebook.android:facebook-common:16.2.0] AndroidManifest.xml:18:9-55
14-->[com.facebook.android:facebook-common:16.2.0] AndroidManifest.xml:18:18-52
15    </queries>
16
17    <uses-permission android:name="android.permission.ACCESS_NETWORK_STATE" />
17-->[com.google.firebase:firebase-auth:22.1.2] AndroidManifest.xml:26:5-79
17-->[com.google.firebase:firebase-auth:22.1.2] AndroidManifest.xml:26:22-76
18    <uses-permission android:name="android.permission.WAKE_LOCK" />
18-->[com.google.android.gms:play-services-measurement-api:20.0.1] AndroidManifest.xml:24:5-68
18-->[com.google.android.gms:play-services-measurement-api:20.0.1] AndroidManifest.xml:24:22-65
19    <uses-permission android:name="com.google.android.gms.permission.AD_ID" />
19-->[com.facebook.android:facebook-core:16.2.0] AndroidManifest.xml:16:5-79
19-->[com.facebook.android:facebook-core:16.2.0] AndroidManifest.xml:16:22-76
20    <uses-permission android:name="com.google.android.finsky.permission.BIND_GET_INSTALL_REFERRER_SERVICE" />
20-->[com.google.android.gms:play-services-measurement:20.0.1] AndroidManifest.xml:26:5-110
20-->[com.google.android.gms:play-services-measurement:20.0.1] AndroidManifest.xml:26:22-107
21
22    <permission
22-->[androidx.core:core:1.9.0] AndroidManifest.xml:22:5-24:47
23        android:name="com.example.hypnosapp.DYNAMIC_RECEIVER_NOT_EXPORTED_PERMISSION"
23-->[androidx.core:core:1.9.0] AndroidManifest.xml:23:9-81
24        android:protectionLevel="signature" />
24-->[androidx.core:core:1.9.0] AndroidManifest.xml:24:9-44
25
26    <uses-permission android:name="com.example.hypnosapp.DYNAMIC_RECEIVER_NOT_EXPORTED_PERMISSION" />
26-->[androidx.core:core:1.9.0] AndroidManifest.xml:26:5-97
26-->[androidx.core:core:1.9.0] AndroidManifest.xml:26:22-94
27
28    <application
28-->src\main\AndroidManifest.xml:5:5-78:19
29        android:name="com.example.hypnosapp.HypnosInicializacion"
29-->src\main\AndroidManifest.xml:6:9-45
30        android:allowBackup="true"
30-->src\main\AndroidManifest.xml:7:9-35
31        android:appComponentFactory="androidx.core.app.CoreComponentFactory"
31-->[androidx.core:core:1.9.0] AndroidManifest.xml:28:18-86
32        android:dataExtractionRules="@xml/data_extraction_rules"
32-->src\main\AndroidManifest.xml:8:9-65
33        android:debuggable="true"
34        android:extractNativeLibs="false"
35        android:fullBackupContent="@xml/backup_rules"
35-->src\main\AndroidManifest.xml:9:9-54
36        android:icon="@mipmap/ic_launcher"
36-->src\main\AndroidManifest.xml:10:9-43
37        android:label="@string/app_name"
37-->src\main\AndroidManifest.xml:11:9-41
38        android:roundIcon="@mipmap/ic_launcher_round"
38-->src\main\AndroidManifest.xml:12:9-54
39        android:supportsRtl="true"
39-->src\main\AndroidManifest.xml:13:9-35
40        android:testOnly="true"
41        android:theme="@style/Theme.HypnosApp" >
41-->src\main\AndroidManifest.xml:14:9-47
42        <activity android:name="com.example.hypnosapp.MainActivity" >
42-->src\main\AndroidManifest.xml:17:9-20:20
42-->src\main\AndroidManifest.xml:18:13-41
43        </activity>
44        <activity android:name="com.example.hypnosapp.InicioDeSesion" >
44-->src\main\AndroidManifest.xml:22:9-25:20
44-->src\main\AndroidManifest.xml:23:13-43
45        </activity>
46        <activity android:name="com.example.hypnosapp.Pantalla_Principal" >
46-->src\main\AndroidManifest.xml:27:9-30:20
46-->src\main\AndroidManifest.xml:28:13-47
47        </activity>
48        <activity android:name="com.example.hypnosapp.PerfilUsuarioActivity" >
48-->src\main\AndroidManifest.xml:31:9-34:20
48-->src\main\AndroidManifest.xml:32:13-50
49        </activity>
50        <activity android:name="com.example.hypnosapp.AcercaDeActivity" >
50-->src\main\AndroidManifest.xml:35:9-38:20
50-->src\main\AndroidManifest.xml:36:13-45
51        </activity>
52        <activity android:name="com.example.hypnosapp.AjustesDeSuenyoActivity" >
52-->src\main\AndroidManifest.xml:39:9-42:20
52-->src\main\AndroidManifest.xml:40:13-52
53        </activity>
54        <activity android:name="com.example.hypnosapp.Registro" >
54-->src\main\AndroidManifest.xml:44:9-47:20
54-->src\main\AndroidManifest.xml:45:13-37
55        </activity>
56        <activity
56-->src\main\AndroidManifest.xml:48:9-56:20
57            android:name="com.example.hypnosapp.PreinicioDeSesion"
57-->src\main\AndroidManifest.xml:49:13-46
58            android:exported="true" >
58-->src\main\AndroidManifest.xml:50:13-36
59            <intent-filter>
59-->src\main\AndroidManifest.xml:51:13-54:29
60                <action android:name="android.intent.action.MAIN" />
60-->src\main\AndroidManifest.xml:52:17-69
60-->src\main\AndroidManifest.xml:52:25-66
61
62                <category android:name="android.intent.category.LAUNCHER" />
62-->src\main\AndroidManifest.xml:53:17-77
62-->src\main\AndroidManifest.xml:53:27-74
63            </intent-filter>
64        </activity>
65        <activity
65-->src\main\AndroidManifest.xml:59:9-62:48
66            android:name="com.facebook.FacebookActivity"
66-->src\main\AndroidManifest.xml:59:19-63
67            android:configChanges="keyboard|keyboardHidden|screenLayout|screenSize|orientation"
67-->src\main\AndroidManifest.xml:60:13-114
68            android:label="@string/app_name"
68-->src\main\AndroidManifest.xml:62:13-45
69            android:theme="@style/com_facebook_activity_theme" />
69-->[com.facebook.android:facebook-common:16.2.0] AndroidManifest.xml:25:13-63
70        <activity
70-->src\main\AndroidManifest.xml:63:9-72:20
71            android:name="com.facebook.CustomTabActivity"
71-->src\main\AndroidManifest.xml:64:13-58
72            android:exported="true" >
72-->src\main\AndroidManifest.xml:65:13-36
73            <intent-filter>
73-->src\main\AndroidManifest.xml:66:13-71:29
74                <action android:name="android.intent.action.VIEW" />
74-->src\main\AndroidManifest.xml:67:17-69
74-->src\main\AndroidManifest.xml:67:25-66
75
76                <category android:name="android.intent.category.DEFAULT" />
76-->src\main\AndroidManifest.xml:68:17-76
76-->src\main\AndroidManifest.xml:68:27-73
77                <category android:name="android.intent.category.BROWSABLE" />
77-->src\main\AndroidManifest.xml:69:17-78
77-->src\main\AndroidManifest.xml:69:27-75
78
79                <data android:scheme="@string/fb_login_protocol_scheme" />
79-->src\main\AndroidManifest.xml:70:17-75
79-->src\main\AndroidManifest.xml:70:23-72
80            </intent-filter>
81            <intent-filter>
81-->[com.facebook.android:facebook-common:16.2.0] AndroidManifest.xml:31:13-40:29
82                <action android:name="android.intent.action.VIEW" />
82-->src\main\AndroidManifest.xml:67:17-69
82-->src\main\AndroidManifest.xml:67:25-66
83
84                <category android:name="android.intent.category.DEFAULT" />
84-->src\main\AndroidManifest.xml:68:17-76
84-->src\main\AndroidManifest.xml:68:27-73
85                <category android:name="android.intent.category.BROWSABLE" />
85-->src\main\AndroidManifest.xml:69:17-78
85-->src\main\AndroidManifest.xml:69:27-75
86
87                <data
87-->src\main\AndroidManifest.xml:70:17-75
88                    android:host="cct.com.example.hypnosapp"
89                    android:scheme="fbconnect" />
89-->src\main\AndroidManifest.xml:70:23-72
90            </intent-filter>
91        </activity>
92
93        <meta-data
93-->src\main\AndroidManifest.xml:74:9-107
94            android:name="com.facebook.sdk.ApplicationId"
94-->src\main\AndroidManifest.xml:74:20-65
95            android:value="@string/facebook_app_id" />
95-->src\main\AndroidManifest.xml:74:66-105
96        <meta-data
96-->src\main\AndroidManifest.xml:75:9-111
97            android:name="com.facebook.sdk.ClientToken"
97-->src\main\AndroidManifest.xml:75:20-63
98            android:value="@string/facebook_client_token" />
98-->src\main\AndroidManifest.xml:75:64-109
99
100        <activity android:name="com.facebook.CustomTabMainActivity" />
100-->[com.facebook.android:facebook-common:16.2.0] AndroidManifest.xml:26:9-71
100-->[com.facebook.android:facebook-common:16.2.0] AndroidManifest.xml:26:19-68
101        <activity
101-->[com.google.firebase:firebase-auth:22.1.2] AndroidManifest.xml:29:9-46:20
102            android:name="com.google.firebase.auth.internal.GenericIdpActivity"
102-->[com.google.firebase:firebase-auth:22.1.2] AndroidManifest.xml:30:13-80
103            android:excludeFromRecents="true"
103-->[com.google.firebase:firebase-auth:22.1.2] AndroidManifest.xml:31:13-46
104            android:exported="true"
104-->[com.google.firebase:firebase-auth:22.1.2] AndroidManifest.xml:32:13-36
105            android:launchMode="singleTask"
105-->[com.google.firebase:firebase-auth:22.1.2] AndroidManifest.xml:33:13-44
106            android:theme="@android:style/Theme.Translucent.NoTitleBar" >
106-->[com.google.firebase:firebase-auth:22.1.2] AndroidManifest.xml:34:13-72
107            <intent-filter>
107-->[com.google.firebase:firebase-auth:22.1.2] AndroidManifest.xml:35:13-45:29
108                <action android:name="android.intent.action.VIEW" />
108-->src\main\AndroidManifest.xml:67:17-69
108-->src\main\AndroidManifest.xml:67:25-66
109
110                <category android:name="android.intent.category.DEFAULT" />
110-->src\main\AndroidManifest.xml:68:17-76
110-->src\main\AndroidManifest.xml:68:27-73
111                <category android:name="android.intent.category.BROWSABLE" />
111-->src\main\AndroidManifest.xml:69:17-78
111-->src\main\AndroidManifest.xml:69:27-75
112
113                <data
113-->src\main\AndroidManifest.xml:70:17-75
114                    android:host="firebase.auth"
115                    android:path="/"
116                    android:scheme="genericidp" />
116-->src\main\AndroidManifest.xml:70:23-72
117            </intent-filter>
118        </activity>
119        <activity
119-->[com.google.firebase:firebase-auth:22.1.2] AndroidManifest.xml:47:9-64:20
120            android:name="com.google.firebase.auth.internal.RecaptchaActivity"
120-->[com.google.firebase:firebase-auth:22.1.2] AndroidManifest.xml:48:13-79
121            android:excludeFromRecents="true"
121-->[com.google.firebase:firebase-auth:22.1.2] AndroidManifest.xml:49:13-46
122            android:exported="true"
122-->[com.google.firebase:firebase-auth:22.1.2] AndroidManifest.xml:50:13-36
123            android:launchMode="singleTask"
123-->[com.google.firebase:firebase-auth:22.1.2] AndroidManifest.xml:51:13-44
124            android:theme="@android:style/Theme.Translucent.NoTitleBar" >
124-->[com.google.firebase:firebase-auth:22.1.2] AndroidManifest.xml:52:13-72
125            <intent-filter>
125-->[com.google.firebase:firebase-auth:22.1.2] AndroidManifest.xml:53:13-63:29
126                <action android:name="android.intent.action.VIEW" />
126-->src\main\AndroidManifest.xml:67:17-69
126-->src\main\AndroidManifest.xml:67:25-66
127
128                <category android:name="android.intent.category.DEFAULT" />
128-->src\main\AndroidManifest.xml:68:17-76
128-->src\main\AndroidManifest.xml:68:27-73
129                <category android:name="android.intent.category.BROWSABLE" />
129-->src\main\AndroidManifest.xml:69:17-78
129-->src\main\AndroidManifest.xml:69:27-75
130
131                <data
131-->src\main\AndroidManifest.xml:70:17-75
132                    android:host="firebase.auth"
133                    android:path="/"
134                    android:scheme="recaptcha" />
134-->src\main\AndroidManifest.xml:70:23-72
135            </intent-filter>
136        </activity>
137
138        <service
138-->[com.google.firebase:firebase-auth:22.1.2] AndroidManifest.xml:66:9-72:19
139            android:name="com.google.firebase.components.ComponentDiscoveryService"
139-->[com.google.firebase:firebase-auth:22.1.2] AndroidManifest.xml:67:13-84
140            android:directBootAware="true"
140-->[com.google.firebase:firebase-common:20.3.2] AndroidManifest.xml:34:13-43
141            android:exported="false" >
141-->[com.google.firebase:firebase-auth:22.1.2] AndroidManifest.xml:68:13-37
142            <meta-data
142-->[com.google.firebase:firebase-auth:22.1.2] AndroidManifest.xml:69:13-71:85
143                android:name="com.google.firebase.components:com.google.firebase.auth.FirebaseAuthRegistrar"
143-->[com.google.firebase:firebase-auth:22.1.2] AndroidManifest.xml:70:17-109
144                android:value="com.google.firebase.components.ComponentRegistrar" />
144-->[com.google.firebase:firebase-auth:22.1.2] AndroidManifest.xml:71:17-82
145            <meta-data
145-->[com.google.firebase:firebase-database:20.2.2] AndroidManifest.xml:31:13-33:85
146                android:name="com.google.firebase.components:com.google.firebase.database.DatabaseRegistrar"
146-->[com.google.firebase:firebase-database:20.2.2] AndroidManifest.xml:32:17-109
147                android:value="com.google.firebase.components.ComponentRegistrar" />
147-->[com.google.firebase:firebase-database:20.2.2] AndroidManifest.xml:33:17-82
148            <meta-data
148-->[com.google.android.gms:play-services-measurement-api:20.0.1] AndroidManifest.xml:30:13-32:85
149                android:name="com.google.firebase.components:com.google.firebase.analytics.connector.internal.AnalyticsConnectorRegistrar"
149-->[com.google.android.gms:play-services-measurement-api:20.0.1] AndroidManifest.xml:31:17-139
150                android:value="com.google.firebase.components.ComponentRegistrar" />
150-->[com.google.android.gms:play-services-measurement-api:20.0.1] AndroidManifest.xml:32:17-82
151            <meta-data
151-->[com.google.firebase:firebase-installations:17.0.0] AndroidManifest.xml:18:13-20:85
152                android:name="com.google.firebase.components:com.google.firebase.installations.FirebaseInstallationsRegistrar"
152-->[com.google.firebase:firebase-installations:17.0.0] AndroidManifest.xml:19:17-127
153                android:value="com.google.firebase.components.ComponentRegistrar" />
153-->[com.google.firebase:firebase-installations:17.0.0] AndroidManifest.xml:20:17-82
154        </service>
155
156        <activity
156-->[com.google.android.gms:play-services-auth:20.0.0] AndroidManifest.xml:23:9-27:75
157            android:name="com.google.android.gms.auth.api.signin.internal.SignInHubActivity"
157-->[com.google.android.gms:play-services-auth:20.0.0] AndroidManifest.xml:24:13-93
158            android:excludeFromRecents="true"
158-->[com.google.android.gms:play-services-auth:20.0.0] AndroidManifest.xml:25:13-46
159            android:exported="false"
159-->[com.google.android.gms:play-services-auth:20.0.0] AndroidManifest.xml:26:13-37
160            android:theme="@android:style/Theme.Translucent.NoTitleBar" />
160-->[com.google.android.gms:play-services-auth:20.0.0] AndroidManifest.xml:27:13-72
161        <!--
162            Service handling Google Sign-In user revocation. For apps that do not integrate with
163            Google Sign-In, this service will never be started.
164        -->
165        <service
165-->[com.google.android.gms:play-services-auth:20.0.0] AndroidManifest.xml:33:9-37:51
166            android:name="com.google.android.gms.auth.api.signin.RevocationBoundService"
166-->[com.google.android.gms:play-services-auth:20.0.0] AndroidManifest.xml:34:13-89
167            android:exported="true"
167-->[com.google.android.gms:play-services-auth:20.0.0] AndroidManifest.xml:35:13-36
168            android:permission="com.google.android.gms.auth.api.signin.permission.REVOCATION_NOTIFICATION"
168-->[com.google.android.gms:play-services-auth:20.0.0] AndroidManifest.xml:36:13-107
169            android:visibleToInstantApps="true" />
169-->[com.google.android.gms:play-services-auth:20.0.0] AndroidManifest.xml:37:13-48
170
171        <provider
171-->[androidx.emoji2:emoji2:1.2.0] AndroidManifest.xml:24:9-32:20
172            android:name="androidx.startup.InitializationProvider"
172-->[androidx.emoji2:emoji2:1.2.0] AndroidManifest.xml:25:13-67
173            android:authorities="com.example.hypnosapp.androidx-startup"
173-->[androidx.emoji2:emoji2:1.2.0] AndroidManifest.xml:26:13-68
174            android:exported="false" >
174-->[androidx.emoji2:emoji2:1.2.0] AndroidManifest.xml:27:13-37
175            <meta-data
175-->[androidx.emoji2:emoji2:1.2.0] AndroidManifest.xml:29:13-31:52
176                android:name="androidx.emoji2.text.EmojiCompatInitializer"
176-->[androidx.emoji2:emoji2:1.2.0] AndroidManifest.xml:30:17-75
177                android:value="androidx.startup" />
177-->[androidx.emoji2:emoji2:1.2.0] AndroidManifest.xml:31:17-49
178            <meta-data
178-->[androidx.lifecycle:lifecycle-process:2.6.1] AndroidManifest.xml:29:13-31:52
179                android:name="androidx.lifecycle.ProcessLifecycleInitializer"
179-->[androidx.lifecycle:lifecycle-process:2.6.1] AndroidManifest.xml:30:17-78
180                android:value="androidx.startup" />
180-->[androidx.lifecycle:lifecycle-process:2.6.1] AndroidManifest.xml:31:17-49
181            <meta-data
181-->[androidx.profileinstaller:profileinstaller:1.3.0] AndroidManifest.xml:29:13-31:52
182                android:name="androidx.profileinstaller.ProfileInstallerInitializer"
182-->[androidx.profileinstaller:profileinstaller:1.3.0] AndroidManifest.xml:30:17-85
183                android:value="androidx.startup" />
183-->[androidx.profileinstaller:profileinstaller:1.3.0] AndroidManifest.xml:31:17-49
184        </provider>
185        <provider
185-->[com.google.firebase:firebase-common:20.3.2] AndroidManifest.xml:25:9-30:39
186            android:name="com.google.firebase.provider.FirebaseInitProvider"
186-->[com.google.firebase:firebase-common:20.3.2] AndroidManifest.xml:26:13-77
187            android:authorities="com.example.hypnosapp.firebaseinitprovider"
187-->[com.google.firebase:firebase-common:20.3.2] AndroidManifest.xml:27:13-72
188            android:directBootAware="true"
188-->[com.google.firebase:firebase-common:20.3.2] AndroidManifest.xml:28:13-43
189            android:exported="false"
189-->[com.google.firebase:firebase-common:20.3.2] AndroidManifest.xml:29:13-37
190            android:initOrder="100" />
190-->[com.google.firebase:firebase-common:20.3.2] AndroidManifest.xml:30:13-36
191
192        <activity
192-->[com.google.android.gms:play-services-base:18.1.0] AndroidManifest.xml:20:9-22:45
193            android:name="com.google.android.gms.common.api.GoogleApiActivity"
193-->[com.google.android.gms:play-services-base:18.1.0] AndroidManifest.xml:20:19-85
194            android:exported="false"
194-->[com.google.android.gms:play-services-base:18.1.0] AndroidManifest.xml:22:19-43
195            android:theme="@android:style/Theme.Translucent.NoTitleBar" />
195-->[com.google.android.gms:play-services-base:18.1.0] AndroidManifest.xml:21:19-78
196        <!--
197         The initialization ContentProvider will call FacebookSdk.sdkInitialize automatically
198         with the application context. This config is merged in with the host app's manifest,
199         but there can only be one provider with the same authority activated at any given
200         point; so if the end user has two or more different apps that use Facebook SDK, only the
201         first one will be able to use the provider. To work around this problem, we use the
202         following placeholder in the authority to identify each host application as if it was
203         a completely different provider.
204        -->
205        <provider
205-->[com.facebook.android:facebook-core:16.2.0] AndroidManifest.xml:29:9-32:40
206            android:name="com.facebook.internal.FacebookInitProvider"
206-->[com.facebook.android:facebook-core:16.2.0] AndroidManifest.xml:30:13-70
207            android:authorities="com.example.hypnosapp.FacebookInitProvider"
207-->[com.facebook.android:facebook-core:16.2.0] AndroidManifest.xml:31:13-72
208            android:exported="false" />
208-->[com.facebook.android:facebook-core:16.2.0] AndroidManifest.xml:32:13-37
209
210        <receiver
210-->[com.facebook.android:facebook-core:16.2.0] AndroidManifest.xml:34:9-40:20
211            android:name="com.facebook.CurrentAccessTokenExpirationBroadcastReceiver"
211-->[com.facebook.android:facebook-core:16.2.0] AndroidManifest.xml:35:13-86
212            android:exported="false" >
212-->[com.facebook.android:facebook-core:16.2.0] AndroidManifest.xml:36:13-37
213            <intent-filter>
213-->[com.facebook.android:facebook-core:16.2.0] AndroidManifest.xml:37:13-39:29
214                <action android:name="com.facebook.sdk.ACTION_CURRENT_ACCESS_TOKEN_CHANGED" />
214-->[com.facebook.android:facebook-core:16.2.0] AndroidManifest.xml:38:17-95
214-->[com.facebook.android:facebook-core:16.2.0] AndroidManifest.xml:38:25-92
215            </intent-filter>
216        </receiver>
217        <receiver
217-->[com.facebook.android:facebook-core:16.2.0] AndroidManifest.xml:41:9-47:20
218            android:name="com.facebook.AuthenticationTokenManager$CurrentAuthenticationTokenChangedBroadcastReceiver"
218-->[com.facebook.android:facebook-core:16.2.0] AndroidManifest.xml:42:13-118
219            android:exported="false" >
219-->[com.facebook.android:facebook-core:16.2.0] AndroidManifest.xml:43:13-37
220            <intent-filter>
220-->[com.facebook.android:facebook-core:16.2.0] AndroidManifest.xml:44:13-46:29
221                <action android:name="com.facebook.sdk.ACTION_CURRENT_AUTHENTICATION_TOKEN_CHANGED" />
221-->[com.facebook.android:facebook-core:16.2.0] AndroidManifest.xml:45:17-103
221-->[com.facebook.android:facebook-core:16.2.0] AndroidManifest.xml:45:25-100
222            </intent-filter>
223        </receiver>
224        <receiver
224-->[com.google.android.gms:play-services-measurement:20.0.1] AndroidManifest.xml:29:9-33:20
225            android:name="com.google.android.gms.measurement.AppMeasurementReceiver"
225-->[com.google.android.gms:play-services-measurement:20.0.1] AndroidManifest.xml:30:13-85
226            android:enabled="true"
226-->[com.google.android.gms:play-services-measurement:20.0.1] AndroidManifest.xml:31:13-35
227            android:exported="false" >
227-->[com.google.android.gms:play-services-measurement:20.0.1] AndroidManifest.xml:32:13-37
228        </receiver>
229
230        <service
230-->[com.google.android.gms:play-services-measurement:20.0.1] AndroidManifest.xml:35:9-38:40
231            android:name="com.google.android.gms.measurement.AppMeasurementService"
231-->[com.google.android.gms:play-services-measurement:20.0.1] AndroidManifest.xml:36:13-84
232            android:enabled="true"
232-->[com.google.android.gms:play-services-measurement:20.0.1] AndroidManifest.xml:37:13-35
233            android:exported="false" />
233-->[com.google.android.gms:play-services-measurement:20.0.1] AndroidManifest.xml:38:13-37
234        <service
234-->[com.google.android.gms:play-services-measurement:20.0.1] AndroidManifest.xml:39:9-43:72
235            android:name="com.google.android.gms.measurement.AppMeasurementJobService"
235-->[com.google.android.gms:play-services-measurement:20.0.1] AndroidManifest.xml:40:13-87
236            android:enabled="true"
236-->[com.google.android.gms:play-services-measurement:20.0.1] AndroidManifest.xml:41:13-35
237            android:exported="false"
237-->[com.google.android.gms:play-services-measurement:20.0.1] AndroidManifest.xml:42:13-37
238            android:permission="android.permission.BIND_JOB_SERVICE" />
238-->[com.google.android.gms:play-services-measurement:20.0.1] AndroidManifest.xml:43:13-69
239
240        <meta-data
240-->[com.google.android.gms:play-services-basement:18.1.0] AndroidManifest.xml:21:9-23:69
241            android:name="com.google.android.gms.version"
241-->[com.google.android.gms:play-services-basement:18.1.0] AndroidManifest.xml:22:13-58
242            android:value="@integer/google_play_services_version" />
242-->[com.google.android.gms:play-services-basement:18.1.0] AndroidManifest.xml:23:13-66
243
244        <receiver
244-->[androidx.profileinstaller:profileinstaller:1.3.0] AndroidManifest.xml:34:9-52:20
245            android:name="androidx.profileinstaller.ProfileInstallReceiver"
245-->[androidx.profileinstaller:profileinstaller:1.3.0] AndroidManifest.xml:35:13-76
246            android:directBootAware="false"
246-->[androidx.profileinstaller:profileinstaller:1.3.0] AndroidManifest.xml:36:13-44
247            android:enabled="true"
247-->[androidx.profileinstaller:profileinstaller:1.3.0] AndroidManifest.xml:37:13-35
248            android:exported="true"
248-->[androidx.profileinstaller:profileinstaller:1.3.0] AndroidManifest.xml:38:13-36
249            android:permission="android.permission.DUMP" >
249-->[androidx.profileinstaller:profileinstaller:1.3.0] AndroidManifest.xml:39:13-57
250            <intent-filter>
250-->[androidx.profileinstaller:profileinstaller:1.3.0] AndroidManifest.xml:40:13-42:29
251                <action android:name="androidx.profileinstaller.action.INSTALL_PROFILE" />
251-->[androidx.profileinstaller:profileinstaller:1.3.0] AndroidManifest.xml:41:17-91
251-->[androidx.profileinstaller:profileinstaller:1.3.0] AndroidManifest.xml:41:25-88
252            </intent-filter>
253            <intent-filter>
253-->[androidx.profileinstaller:profileinstaller:1.3.0] AndroidManifest.xml:43:13-45:29
254                <action android:name="androidx.profileinstaller.action.SKIP_FILE" />
254-->[androidx.profileinstaller:profileinstaller:1.3.0] AndroidManifest.xml:44:17-85
254-->[androidx.profileinstaller:profileinstaller:1.3.0] AndroidManifest.xml:44:25-82
255            </intent-filter>
256            <intent-filter>
256-->[androidx.profileinstaller:profileinstaller:1.3.0] AndroidManifest.xml:46:13-48:29
257                <action android:name="androidx.profileinstaller.action.SAVE_PROFILE" />
257-->[androidx.profileinstaller:profileinstaller:1.3.0] AndroidManifest.xml:47:17-88
257-->[androidx.profileinstaller:profileinstaller:1.3.0] AndroidManifest.xml:47:25-85
258            </intent-filter>
259            <intent-filter>
259-->[androidx.profileinstaller:profileinstaller:1.3.0] AndroidManifest.xml:49:13-51:29
260                <action android:name="androidx.profileinstaller.action.BENCHMARK_OPERATION" />
260-->[androidx.profileinstaller:profileinstaller:1.3.0] AndroidManifest.xml:50:17-95
260-->[androidx.profileinstaller:profileinstaller:1.3.0] AndroidManifest.xml:50:25-92
261            </intent-filter>
262        </receiver>
263    </application>
264
265</manifest>